<?xml version="1.0" encoding="UTF-8"?>
<!-- Generated by org.testng.reporters.JUnitXMLReporter -->
<testsuite ignored="4" hostname="FFE-Uppala-Harshavardhan" failures="0" tests="1" name="Test" time="15.466" errors="0" timestamp="2025-08-23T11:31:01 IST">
  <testcase classname="CreationImplementation.CreateCampaignTest" name="createCampaignTC_IN_001Test" time="3.086"/>
  <testcase classname="ninzaCRM.genericUtility.BaseClass" name="@BeforeTest bcConfig" time="0.0">
    <ignored/>
  </testcase> <!-- @BeforeTest bcConfig -->
  <testcase classname="ninzaCRM.genericUtility.BaseClass" name="@BeforeSuite bsConfig" time="0.0">
    <ignored/>
  </testcase> <!-- @BeforeSuite bsConfig -->
  <testcase classname="CreationImplementation.CreateLeadTest" name="createLeadTest_IN_001" time="0.0">
    <ignored/>
  </testcase> <!-- createLeadTest_IN_001 -->
  <testcase classname="ninzaCRM.genericUtility.BaseClass" name="@AfterSuite asConfig" time="0.0">
    <ignored/>
  </testcase> <!-- @AfterSuite asConfig -->
</testsuite> <!-- Test -->
