<?xml version="1.0" encoding="UTF-8"?>
<!-- Generated by org.testng.reporters.JUnitXMLReporter -->
<testsuite ignored="0" hostname="FFE-Uppala-Harshavardhan" failures="1" tests="1" name="Test" time="0.088" errors="0" timestamp="2025-08-22T12:44:46 IST">
  <testcase classname="practice.TestNGPractice" name="sampleTest" time="0.03">
    <failure type="java.lang.AssertionError" message="null">
      <![CDATA[java.lang.AssertionError: null
at practice.TestNGPractice.sampleTest(TestNGPractice.java:14)
at java.base/java.util.ArrayList.forEach(ArrayList.java:1596)
... Removed 27 stack frames]]>
    </failure>
  </testcase> <!-- sampleTest -->
</testsuite> <!-- Test -->
