<?xml version="1.0" encoding="UTF-8"?>
<testng-results ignored="0" total="1" passed="1" failed="0" skipped="0">
  <reporter-output>
  </reporter-output>
  <suite started-at="2025-08-22T12:46:53 IST" name="Surefire suite" finished-at="2025-08-22T12:46:53 IST" duration-ms="146">
    <groups>
    </groups>
    <test started-at="2025-08-22T12:46:53 IST" name="Surefire test" finished-at="2025-08-22T12:46:53 IST" duration-ms="146">
      <class name="practice.ReadDataFromCMDLine">
        <test-method signature="readData()[pri:0, instance:practice.ReadDataFromCMDLine@2893de87]" started-at="2025-08-22T12:46:53 IST" name="readData" finished-at="2025-08-22T12:46:53 IST" duration-ms="17" status="PASS">
          <reporter-output>
          </reporter-output>
        </test-method> <!-- readData -->
      </class> <!-- practice.ReadDataFromCMDLine -->
    </test> <!-- Surefire test -->
  </suite> <!-- Surefire suite -->
</testng-results>
