<?xml version="1.0" encoding="UTF-8"?>
<testng-results ignored="1" total="2" passed="1" failed="0" skipped="0">
  <reporter-output>
  </reporter-output>
  <suite started-at="2025-08-23T11:30:46 IST" name="Suite" finished-at="2025-08-23T11:31:01 IST" duration-ms="15466">
    <groups>
      <group name="smokeSuite">
        <method signature="CreateCampaignTest.createCampaignTC_IN_001Test()[pri:0, instance:CreationImplementation.CreateCampaignTest@2362f559]" name="createCampaignTC_IN_001Test" class="CreationImplementation.CreateCampaignTest"/>
      </group> <!-- smokeSuite -->
    </groups>
    <test started-at="2025-08-23T11:30:46 IST" name="Test" finished-at="2025-08-23T11:31:01 IST" duration-ms="15466">
      <class name="CreationImplementation.CreateCampaignTest">
        <test-method is-config="true" signature="bcConfig()[pri:0, instance:CreationImplementation.CreateCampaignTest@2362f559]" started-at="2025-08-23T11:30:49 IST" name="bcConfig" finished-at="2025-08-23T11:30:51 IST" duration-ms="2276" status="PASS">
          <reporter-output>
          </reporter-output>
        </test-method> <!-- bcConfig -->
        <test-method is-config="true" signature="bmconfig()[pri:0, instance:CreationImplementation.CreateCampaignTest@2362f559]" started-at="2025-08-23T11:30:51 IST" name="bmconfig" finished-at="2025-08-23T11:30:52 IST" duration-ms="920" status="PASS">
          <reporter-output>
          </reporter-output>
        </test-method> <!-- bmconfig -->
        <test-method signature="createCampaignTC_IN_001Test()[pri:0, instance:CreationImplementation.CreateCampaignTest@2362f559]" started-at="2025-08-23T11:30:52 IST" name="createCampaignTC_IN_001Test" finished-at="2025-08-23T11:30:55 IST" duration-ms="3086" status="PASS">
          <reporter-output>
          </reporter-output>
        </test-method> <!-- createCampaignTC_IN_001Test -->
        <test-method is-config="true" signature="amConfig()[pri:0, instance:CreationImplementation.CreateCampaignTest@2362f559]" started-at="2025-08-23T11:30:55 IST" name="amConfig" finished-at="2025-08-23T11:31:01 IST" duration-ms="5706" status="PASS">
          <reporter-output>
          </reporter-output>
        </test-method> <!-- amConfig -->
      </class> <!-- CreationImplementation.CreateCampaignTest -->
      <class name="CreationImplementation.CreateLeadTest">
        <test-method is-config="true" signature="bsConfig()[pri:0, instance:CreationImplementation.CreateLeadTest@65e98b1c]" started-at="2025-08-23T11:30:46 IST" name="bsConfig" finished-at="2025-08-23T11:30:46 IST" duration-ms="22" status="PASS">
          <reporter-output>
          </reporter-output>
        </test-method> <!-- bsConfig -->
        <test-method is-config="true" signature="bcConfig()[pri:0, instance:CreationImplementation.CreateLeadTest@65e98b1c]" started-at="2025-08-23T11:30:46 IST" name="bcConfig" finished-at="2025-08-23T11:30:49 IST" duration-ms="3038" status="PASS">
          <reporter-output>
          </reporter-output>
        </test-method> <!-- bcConfig -->
        <test-method is-config="true" signature="asConfig()[pri:0, instance:CreationImplementation.CreateLeadTest@65e98b1c]" started-at="2025-08-23T11:31:02 IST" name="asConfig" finished-at="2025-08-23T11:31:02 IST" duration-ms="2" status="PASS">
          <reporter-output>
          </reporter-output>
        </test-method> <!-- asConfig -->
      </class> <!-- CreationImplementation.CreateLeadTest -->
    </test> <!-- Test -->
  </suite> <!-- Suite -->
</testng-results>
