<?xml version="1.0" encoding="UTF-8"?>
<testng-results ignored="0" total="1" passed="1" failed="0" skipped="0">
  <reporter-output>
  </reporter-output>
  <suite started-at="2025-08-22T12:45:36 IST" name="Default suite" finished-at="2025-08-22T12:45:36 IST" duration-ms="82">
    <groups>
    </groups>
    <test started-at="2025-08-22T12:45:36 IST" name="Default test" finished-at="2025-08-22T12:45:36 IST" duration-ms="82">
      <class name="practice.ReadDataFromCMDLine">
        <test-method signature="readData()[pri:0, instance:practice.ReadDataFromCMDLine@74235045]" started-at="2025-08-22T12:45:36 IST" name="readData" finished-at="2025-08-22T12:45:36 IST" duration-ms="13" status="PASS">
          <reporter-output>
          </reporter-output>
        </test-method> <!-- readData -->
      </class> <!-- practice.ReadDataFromCMDLine -->
    </test> <!-- Default test -->
  </suite> <!-- Default suite -->
</testng-results>
